<?xml version="1.0" encoding="UTF-8"?>
<testsuite name="BootcampTest" tests="7" skipped="0" failures="0" errors="0" timestamp="2022-03-13T04:33:27" hostname="LAPTOP-5E0T3FA5" time="0.011">
  <properties/>
  <testcase name="testDescricao()" classname="BootcampTest" time="0.001"/>
  <testcase name="testDatas()" classname="BootcampTest" time="0.0"/>
  <testcase name="testNome()" classname="BootcampTest" time="0.001"/>
  <testcase name="testConteudos()" classname="BootcampTest" time="0.001"/>
  <testcase name="testHashCode()" classname="BootcampTest" time="0.0"/>
  <testcase name="testEquals()" classname="BootcampTest" time="0.001"/>
  <testcase name="testDevsInscritos()" classname="BootcampTest" time="0.001"/>
  <system-out><![CDATA[]]></system-out>
  <system-err><![CDATA[]]></system-err>
</testsuite>
