<?xml version="1.0" encoding="UTF-8"?>
<testsuite name="ConteudoTest" tests="2" skipped="0" failures="0" errors="0" timestamp="2022-03-13T04:33:27" hostname="LAPTOP-5E0T3FA5" time="0.002">
  <properties/>
  <testcase name="testDescricao()" classname="ConteudoTest" time="0.0"/>
  <testcase name="testTitulo()" classname="ConteudoTest" time="0.001"/>
  <system-out><![CDATA[]]></system-out>
  <system-err><![CDATA[]]></system-err>
</testsuite>
