<?xml version="1.0" encoding="UTF-8"?>
<testsuite name="CursoTest" tests="3" skipped="0" failures="0" errors="0" timestamp="2022-03-13T04:33:27" hostname="LAPTOP-5E0T3FA5" time="0.012">
  <properties/>
  <testcase name="testCalcularXP()" classname="CursoTest" time="0.001"/>
  <testcase name="testToString()" classname="CursoTest" time="0.008"/>
  <testcase name="testCargaHoraria()" classname="CursoTest" time="0.001"/>
  <system-out><![CDATA[]]></system-out>
  <system-err><![CDATA[]]></system-err>
</testsuite>
