<?xml version="1.0" encoding="UTF-8"?>
<testsuite name="MentoriaTest" tests="3" skipped="0" failures="0" errors="0" timestamp="2022-03-13T04:33:27" hostname="LAPTOP-5E0T3FA5" time="0.009">
  <properties/>
  <testcase name="testCalcularXP()" classname="MentoriaTest" time="0.001"/>
  <testcase name="testData()" classname="MentoriaTest" time="0.001"/>
  <testcase name="testToString()" classname="MentoriaTest" time="0.006"/>
  <system-out><![CDATA[]]></system-out>
  <system-err><![CDATA[]]></system-err>
</testsuite>
